<?xml version="1.0" encoding="UTF-8"?>
<!-- Generated by org.testng.reporters.JUnitReportReporter -->
<testsuite hostname="LAPTOP-MM730DR2" failures="0" tests="1" name="selenium_maven.pack1.MySecondTest" time="8.398" errors="0" timestamp="2022-04-07T20:35:57 EDT" skipped="0">
  <testcase classname="selenium_maven.pack1.MySecondTest" name="navigateURL" time="8.398"/>
  <system-out/>
</testsuite> <!-- selenium_maven.pack1.MySecondTest -->
