<?xml version="1.0" encoding="UTF-8"?>
<!-- Generated by org.testng.reporters.JUnitReportReporter -->
<testsuite hostname="LAPTOP-MM730DR2" failures="0" tests="1" name="selenium_maven.pack1.MySecondNGClass" time="7.916" errors="0" timestamp="2022-04-07T21:11:26 EDT" skipped="0">
  <testcase classname="selenium_maven.pack1.MySecondNGClass" name="main" time="7.916"/>
  <system-out/>
</testsuite> <!-- selenium_maven.pack1.MySecondNGClass -->
