<?xml version="1.0" encoding="UTF-8"?>
<!-- Generated by org.testng.reporters.JUnitReportReporter -->
<testsuite hostname="LAPTOP-MM730DR2" failures="0" tests="1" name="pack3.PractiqueCSS" time="14.172" errors="0" timestamp="2022-04-14T20:53:05 EDT" skipped="0">
  <testcase classname="pack3.PractiqueCSS" name="getCheckedTest" time="14.172"/>
  <system-out/>
</testsuite> <!-- pack3.PractiqueCSS -->
