<?xml version="1.0" encoding="UTF-8"?>
<!-- Generated by org.testng.reporters.JUnitReportReporter -->
<testsuite hostname="LAPTOP-MM730DR2" failures="0" tests="1" name="pack2.MyLinkNGTest" time="11.264" errors="0" timestamp="2022-04-07T21:48:12 EDT" skipped="0">
  <testcase classname="pack2.MyLinkNGTest" name="getQuit" time="11.264"/>
  <system-out/>
</testsuite> <!-- pack2.MyLinkNGTest -->
