<?xml version="1.0" encoding="UTF-8"?>
<!-- Generated by org.testng.reporters.JUnitReportReporter -->
<testsuite hostname="LAPTOP-MM730DR2" failures="0" tests="2" name="pack2.MyFirstNGClass" time="11.034" errors="0" timestamp="2022-04-07T19:25:51 EDT" skipped="0">
  <testcase classname="pack2.MyFirstNGClass" name="demo" time="4.760"/>
  <system-out/>
  <testcase classname="pack2.MyFirstNGClass" name="demo2" time="6.274"/>
  <system-out/>
</testsuite> <!-- pack2.MyFirstNGClass -->
